<?xml version="1.0" encoding="UTF-8"?>
<testng-results skipped="0" failed="0" ignored="0" total="2" passed="2">
  <reporter-output>
  </reporter-output>
  <suite name="Suite" duration-ms="469434" started-at="2020-09-15T17:39:54Z" finished-at="2020-09-15T17:47:43Z">
    <groups>
    </groups>
    <test name="Test" duration-ms="469434" started-at="2020-09-15T17:39:54Z" finished-at="2020-09-15T17:47:43Z">
      <class name="com.qa.Brokenlinks.VerifyingBrokenLinks">
        <test-method status="PASS" signature="LoginTest()[pri:0, instance:com.qa.Brokenlinks.VerifyingBrokenLinks@7fa833]" name="LoginTest" duration-ms="265099" started-at="2020-09-15T17:43:18Z" finished-at="2020-09-15T17:47:43Z">
          <reporter-output>
          </reporter-output>
        </test-method> <!-- LoginTest -->
      </class> <!-- com.qa.Brokenlinks.VerifyingBrokenLinks -->
      <class name="com.qa.images.BrokenImages">
        <test-method status="PASS" signature="imagesTest()[pri:0, instance:com.qa.images.BrokenImages@17e2f02]" name="imagesTest" duration-ms="204105" started-at="2020-09-15T17:39:54Z" finished-at="2020-09-15T17:43:18Z">
          <reporter-output>
          </reporter-output>
        </test-method> <!-- imagesTest -->
      </class> <!-- com.qa.images.BrokenImages -->
    </test> <!-- Test -->
  </suite> <!-- Suite -->
</testng-results>
